TN:
SF:src/lib/block.ts
FN:23,Block
FN:41,getHash
FN:53,mine
FN:72,isValid
FN:105,fromBlockInfo
FNF:5
FNH:5
FNDA:12,Block
FNDA:209,getHash
FNDA:14,mine
FNDA:11,isValid
FNDA:1,fromBlockInfo
DA:1,1
DA:2,1
DA:3,1
DA:4,1
DA:5,1
DA:6,1
DA:7,1
DA:8,1
DA:9,1
DA:10,1
DA:11,1
DA:12,1
DA:13,1
DA:14,1
DA:15,1
DA:16,1
DA:17,1
DA:18,1
DA:19,1
DA:20,1
DA:21,1
DA:22,1
DA:23,1
DA:24,12
DA:25,12
DA:26,12
DA:27,12
DA:28,12
DA:29,12
DA:30,12
DA:31,12
DA:32,12
DA:33,12
DA:34,12
DA:35,12
DA:36,12
DA:37,1
DA:38,1
DA:39,1
DA:40,1
DA:41,1
DA:42,209
DA:43,209
DA:44,209
DA:45,209
DA:46,209
DA:47,1
DA:48,1
DA:49,1
DA:50,1
DA:51,1
DA:52,1
DA:53,1
DA:54,14
DA:55,14
DA:56,14
DA:57,14
DA:58,193
DA:59,193
DA:60,193
DA:61,14
DA:62,14
DA:63,1
DA:64,1
DA:65,1
DA:66,1
DA:67,1
DA:68,1
DA:69,1
DA:70,1
DA:71,1
DA:72,1
DA:73,11
DA:74,11
DA:75,9
DA:76,9
DA:77,9
DA:78,8
DA:79,8
DA:80,9
DA:81,7
DA:82,7
DA:83,7
DA:84,0
DA:85,0
DA:86,0
DA:87,0
DA:88,0
DA:89,0
DA:90,9
DA:91,2
DA:92,2
DA:93,11
DA:94,11
DA:95,11
DA:96,11
DA:97,1
DA:98,1
DA:99,11
DA:100,11
DA:101,1
DA:102,1
DA:103,1
DA:104,1
DA:105,1
DA:106,1
DA:107,1
DA:108,1
DA:109,1
DA:110,1
DA:111,1
DA:112,1
LF:112
LH:106
BRDA:23,0,0,12
BRDA:25,1,0,2
BRDA:25,2,0,10
BRDA:25,3,0,3
BRDA:26,4,0,2
BRDA:26,5,0,10
BRDA:27,6,0,2
BRDA:27,7,0,10
BRDA:27,8,0,3
BRDA:29,9,0,2
BRDA:29,10,0,10
BRDA:30,11,0,10
BRDA:31,12,0,2
BRDA:33,13,0,2
BRDA:33,14,0,10
BRDA:34,15,0,2
BRDA:34,16,0,10
BRDA:35,17,0,2
BRDA:35,18,0,10
BRDA:30,19,0,18
BRDA:41,20,0,209
BRDA:43,21,0,180
BRDA:44,22,0,29
BRDA:43,23,0,352
BRDA:43,24,0,172
BRDA:53,25,0,14
BRDA:57,26,0,193
BRDA:72,27,0,11
BRDA:74,28,0,9
BRDA:77,29,0,1
BRDA:78,30,0,8
BRDA:80,31,0,1
BRDA:81,32,0,7
BRDA:84,33,0,0
BRDA:91,34,0,2
BRDA:93,35,0,1
BRDA:94,36,0,0
BRDA:95,37,0,1
BRDA:95,38,0,0
BRDA:96,39,0,1
BRDA:96,40,0,0
BRDA:97,41,0,1
BRDA:100,42,0,0
BRDA:101,43,0,1
BRDA:75,44,0,18
BRDA:82,45,0,7
BRDA:105,46,0,1
BRF:47
BRH:42
end_of_record
TN:
SF:src/lib/blockchain.ts
FN:27,Blockchain
FN:36,createGenesis
FN:51,getLastBlock
FN:55,getDifficulty
FN:59,addTransaction
FN:91,addBlock
FN:113,getBlock
FN:117,getTransaction
FN:135,isValid
FN:146,getFeePerTx
FN:150,getNextBlock
FN:171,getTxInputs
FN:181,getTxOutputs
FN:191,getUtxo
FN:205,getBalance
FN:212,getRewardAmount
FNF:16
FNH:16
FNDA:21,Blockchain
FNDA:21,createGenesis
FNDA:5,getLastBlock
FNDA:51,getDifficulty
FNDA:5,addTransaction
FNDA:5,addBlock
FNDA:1,getBlock
FNDA:3,getTransaction
FNDA:3,isValid
FNDA:9,getFeePerTx
FNDA:7,getNextBlock
FNDA:6,getTxInputs
FNDA:6,getTxOutputs
FNDA:6,getUtxo
FNDA:2,getBalance
FNDA:21,getRewardAmount
DA:1,1
DA:2,1
DA:3,1
DA:4,1
DA:5,1
DA:6,1
DA:7,1
DA:8,1
DA:9,1
DA:10,1
DA:11,1
DA:12,1
DA:13,1
DA:14,1
DA:15,1
DA:16,1
DA:17,1
DA:18,1
DA:19,1
DA:20,1
DA:21,1
DA:22,1
DA:23,1
DA:24,1
DA:25,1
DA:26,1
DA:27,1
DA:28,21
DA:29,21
DA:30,21
DA:31,21
DA:32,21
DA:33,21
DA:34,21
DA:35,1
DA:36,1
DA:37,21
DA:38,21
DA:39,21
DA:40,21
DA:41,21
DA:42,21
DA:43,21
DA:44,21
DA:45,21
DA:46,21
DA:47,21
DA:48,21
DA:49,21
DA:50,1
DA:51,1
DA:52,5
DA:53,5
DA:54,1
DA:55,1
DA:56,51
DA:57,51
DA:58,1
DA:59,1
DA:60,5
DA:61,5
DA:62,4
DA:63,4
DA:64,4
DA:65,4
DA:66,4
DA:67,4
DA:68,4
DA:69,4
DA:70,4
DA:71,3
DA:72,3
DA:73,3
DA:74,3
DA:75,3
DA:76,3
DA:77,3
DA:78,2
DA:79,3
DA:80,3
DA:81,3
DA:82,5
DA:83,2
DA:84,2
DA:85,5
DA:86,1
DA:87,1
DA:88,1
DA:89,1
DA:90,1
DA:91,1
DA:92,5
DA:93,5
DA:94,5
DA:95,4
DA:96,4
DA:97,4
DA:98,5
DA:99,3
DA:100,3
DA:101,3
DA:102,3
DA:103,5
DA:104,2
DA:105,2
DA:106,2
DA:107,2
DA:108,2
DA:109,2
DA:110,2
DA:111,2
DA:112,1
DA:113,1
DA:114,1
DA:115,1
DA:116,1
DA:117,1
DA:118,3
DA:119,3
DA:120,3
DA:121,1
DA:122,1
DA:123,1
DA:124,2
DA:125,2
DA:126,3
DA:127,1
DA:128,1
DA:129,1
DA:130,1
DA:131,1
DA:132,1
DA:133,1
DA:134,1
DA:135,1
DA:136,3
DA:137,1
DA:138,1
DA:139,1
DA:140,1
DA:141,1
DA:142,1
DA:143,2
DA:144,2
DA:145,1
DA:146,1
DA:147,9
DA:148,9
DA:149,1
DA:150,1
DA:151,7
DA:152,7
DA:153,5
DA:154,5
DA:155,5
DA:156,5
DA:157,5
DA:158,5
DA:159,5
DA:160,5
DA:161,5
DA:162,5
DA:163,5
DA:164,5
DA:165,5
DA:166,5
DA:167,5
DA:168,5
DA:169,5
DA:170,1
DA:171,1
DA:172,6
DA:173,6
DA:174,6
DA:175,6
DA:176,6
DA:177,6
DA:178,6
DA:179,6
DA:180,1
DA:181,1
DA:182,6
DA:183,6
DA:184,6
DA:185,6
DA:186,6
DA:187,6
DA:188,6
DA:189,6
DA:190,1
DA:191,1
DA:192,6
DA:193,6
DA:194,6
DA:195,6
DA:196,1
DA:197,1
DA:198,1
DA:199,1
DA:200,1
DA:201,1
DA:202,1
DA:203,1
DA:204,1
DA:205,1
DA:206,2
DA:207,2
DA:208,1
DA:209,1
DA:210,1
DA:211,1
DA:212,1
DA:213,21
DA:214,21
DA:215,1
LF:215
LH:215
BRDA:27,0,0,21
BRDA:36,1,0,21
BRDA:51,2,0,5
BRDA:55,3,0,51
BRDA:59,4,0,5
BRDA:61,5,0,4
BRDA:61,6,0,4
BRDA:70,7,0,1
BRDA:71,8,0,3
BRDA:76,9,0,1
BRDA:78,10,0,2
BRDA:79,11,0,3
BRDA:82,12,0,1
BRDA:83,13,0,2
BRDA:85,14,0,1
BRDA:64,15,0,1
BRDA:65,16,0,1
BRDA:67,17,0,1
BRDA:75,18,0,3
BRDA:75,19,0,2
BRDA:84,20,0,2
BRDA:84,21,0,2
BRDA:91,22,0,5
BRDA:94,23,0,1
BRDA:94,24,0,4
BRDA:98,25,0,1
BRDA:99,26,0,3
BRDA:103,27,0,1
BRDA:104,28,0,2
BRDA:100,29,0,3
BRDA:100,30,0,3
BRDA:101,31,0,4
BRDA:113,32,0,1
BRDA:114,33,0,1
BRDA:117,34,0,3
BRDA:120,35,0,1
BRDA:124,36,0,2
BRDA:126,37,0,1
BRDA:118,38,0,1
BRDA:125,39,0,3
BRDA:125,40,0,3
BRDA:129,41,0,1
BRDA:135,42,0,3
BRDA:136,43,0,1
BRDA:143,44,0,2
BRDA:146,45,0,9
BRDA:150,46,0,7
BRDA:152,47,0,2
BRDA:153,48,0,5
BRDA:171,49,0,6
BRDA:173,50,0,7
BRDA:175,51,0,7
BRDA:175,52,0,1
BRDA:176,53,0,1
BRDA:178,54,0,1
BRDA:178,55,0,0
BRDA:181,56,0,6
BRDA:183,57,0,7
BRDA:185,58,0,7
BRDA:186,59,0,7
BRDA:188,60,0,8
BRDA:191,61,0,6
BRDA:195,62,0,5
BRDA:196,63,0,1
BRDA:197,64,0,1
BRDA:198,65,0,3
BRDA:205,66,0,2
BRDA:207,67,0,1
BRDA:209,68,0,1
BRDA:212,69,0,21
BRF:70
BRH:69
end_of_record
TN:
SF:src/lib/transaction.ts
FN:19,Transaction
FN:35,getHash
FN:47,getFee
FN:60,isValid
FN:94,fromReward
FNF:5
FNH:5
FNDA:11,Transaction
FNDA:22,getHash
FNDA:2,getFee
FNDA:9,isValid
FNDA:1,fromReward
DA:1,1
DA:2,1
DA:3,1
DA:4,1
DA:5,1
DA:6,1
DA:7,1
DA:8,1
DA:9,1
DA:10,1
DA:11,1
DA:12,1
DA:13,1
DA:14,1
DA:15,1
DA:16,1
DA:17,1
DA:18,1
DA:19,1
DA:20,11
DA:21,11
DA:22,11
DA:23,11
DA:24,11
DA:25,11
DA:26,11
DA:27,11
DA:28,11
DA:29,11
DA:30,11
DA:31,11
DA:32,11
DA:33,11
DA:34,1
DA:35,1
DA:36,22
DA:37,22
DA:38,22
DA:39,22
DA:40,22
DA:41,22
DA:42,22
DA:43,22
DA:44,22
DA:45,22
DA:46,1
DA:47,1
DA:48,2
DA:49,2
DA:50,1
DA:51,1
DA:52,1
DA:53,1
DA:54,1
DA:55,1
DA:56,1
DA:57,1
DA:58,1
DA:59,1
DA:60,1
DA:61,9
DA:62,9
DA:63,8
DA:64,9
DA:65,9
DA:66,0
DA:67,9
DA:68,0
DA:69,0
DA:70,0
DA:71,0
DA:72,0
DA:73,0
DA:74,0
DA:75,0
DA:76,0
DA:77,0
DA:78,0
DA:79,0
DA:80,0
DA:81,0
DA:82,0
DA:83,0
DA:84,0
DA:85,0
DA:86,0
DA:87,0
DA:88,0
DA:89,0
DA:90,0
DA:91,0
DA:92,0
DA:93,1
DA:94,1
DA:95,1
DA:96,1
DA:97,1
DA:98,1
DA:99,1
DA:100,1
DA:101,1
DA:102,1
DA:103,1
DA:104,1
LF:104
LH:78
BRDA:19,0,0,11
BRDA:20,1,0,2
BRDA:20,2,0,9
BRDA:20,3,0,7
BRDA:21,4,0,2
BRDA:21,5,0,9
BRDA:21,6,0,10
BRDA:23,7,0,2
BRDA:23,8,0,9
BRDA:24,9,0,6
BRDA:25,10,0,5
BRDA:27,11,0,2
BRDA:27,12,0,9
BRDA:28,13,0,9
BRDA:29,14,0,2
BRDA:32,15,0,2
BRDA:32,16,0,9
BRDA:32,17,0,10
BRDA:24,18,0,6
BRDA:28,19,0,9
BRDA:35,20,0,22
BRDA:36,21,0,11
BRDA:37,22,0,11
BRDA:38,23,0,11
BRDA:41,24,0,19
BRDA:42,25,0,3
BRDA:37,26,0,11
BRDA:41,27,0,19
BRDA:47,28,0,2
BRDA:49,29,0,1
BRDA:49,30,0,1
BRDA:50,31,0,1
BRDA:53,32,0,1
BRDA:60,33,0,9
BRDA:62,34,0,1
BRDA:63,35,0,8
BRDA:64,36,0,7
BRDA:65,37,0,1
BRDA:66,38,0,0
BRDA:67,39,0,0
BRDA:64,40,0,7
BRDA:64,41,0,7
BRDA:94,42,0,1
BRF:43
BRH:41
end_of_record
TN:
SF:src/lib/transactionInput.ts
FN:23,TransactionInput
FN:35,sign
FN:47,getHash
FN:55,isValid
FN:72,fromTxo
FNF:5
FNH:5
FNDA:6,TransactionInput
FNDA:4,sign
FNDA:6,getHash
FNDA:6,isValid
FNDA:1,fromTxo
DA:1,1
DA:2,1
DA:3,1
DA:4,1
DA:5,1
DA:6,1
DA:7,1
DA:8,1
DA:9,1
DA:10,1
DA:11,1
DA:12,1
DA:13,1
DA:14,1
DA:15,1
DA:16,1
DA:17,1
DA:18,1
DA:19,1
DA:20,1
DA:21,1
DA:22,1
DA:23,1
DA:24,6
DA:25,6
DA:26,6
DA:27,6
DA:28,6
DA:29,1
DA:30,1
DA:31,1
DA:32,1
DA:33,1
DA:34,1
DA:35,1
DA:36,4
DA:37,4
DA:38,4
DA:39,4
DA:40,4
DA:41,1
DA:42,1
DA:43,1
DA:44,1
DA:45,1
DA:46,1
DA:47,1
DA:48,6
DA:49,6
DA:50,1
DA:51,1
DA:52,1
DA:53,1
DA:54,1
DA:55,1
DA:56,6
DA:57,2
DA:58,2
DA:59,6
DA:60,2
DA:61,2
DA:62,2
DA:63,2
DA:64,2
DA:65,2
DA:66,2
DA:67,6
DA:68,6
DA:69,6
DA:70,1
DA:71,1
DA:72,1
DA:73,1
DA:74,1
DA:75,1
DA:76,1
DA:77,1
DA:78,1
DA:79,1
DA:80,1
LF:80
LH:80
BRDA:23,0,0,6
BRDA:24,1,0,1
BRDA:24,2,0,5
BRDA:24,3,0,2
BRDA:25,4,0,1
BRDA:25,5,0,5
BRDA:25,6,0,1
BRDA:26,7,0,1
BRDA:26,8,0,5
BRDA:26,9,0,1
BRDA:27,10,0,1
BRDA:27,11,0,5
BRDA:35,12,0,4
BRDA:47,13,0,6
BRDA:55,14,0,6
BRDA:56,15,0,4
BRDA:56,16,0,4
BRDA:57,17,0,2
BRDA:59,18,0,0
BRDA:60,19,0,2
BRDA:67,20,0,1
BRDA:68,21,0,1
BRDA:72,22,0,1
BRF:23
BRH:22
end_of_record
TN:
SF:src/lib/transactionOutput.ts
FN:12,TransactionOutput
FN:18,isValid
FN:25,getHash
FNF:3
FNH:3
FNDA:47,TransactionOutput
FNDA:3,isValid
FNDA:1,getHash
DA:1,1
DA:2,1
DA:3,1
DA:4,1
DA:5,1
DA:6,1
DA:7,1
DA:8,1
DA:9,1
DA:10,1
DA:11,1
DA:12,1
DA:13,47
DA:14,47
DA:15,47
DA:16,47
DA:17,1
DA:18,1
DA:19,3
DA:20,3
DA:21,1
DA:22,1
DA:23,1
DA:24,1
DA:25,1
DA:26,1
DA:27,1
DA:28,1
LF:28
LH:28
BRDA:12,0,0,47
BRDA:13,1,0,16
BRDA:13,2,0,31
BRDA:13,3,0,16
BRDA:14,4,0,16
BRDA:14,5,0,31
BRDA:14,6,0,16
BRDA:15,7,0,16
BRDA:15,8,0,31
BRDA:15,9,0,44
BRDA:18,10,0,3
BRDA:20,11,0,2
BRDA:21,12,0,1
BRDA:25,13,0,1
BRF:14
BRH:14
end_of_record
TN:
SF:src/lib/validation.ts
FN:10,Validation
FNF:1
FNH:1
FNDA:45,Validation
DA:1,1
DA:2,1
DA:3,1
DA:4,1
DA:5,1
DA:6,1
DA:7,1
DA:8,1
DA:9,1
DA:10,1
DA:11,45
DA:12,45
DA:13,45
DA:14,1
LF:14
LH:14
BRDA:10,0,0,45
BRF:1
BRH:1
end_of_record
TN:
SF:src/lib/wallet.ts
FN:13,Wallet
FNF:1
FNH:1
FNDA:15,Wallet
DA:1,1
DA:2,1
DA:3,1
DA:4,1
DA:5,1
DA:6,1
DA:7,1
DA:8,1
DA:9,1
DA:10,1
DA:11,1
DA:12,1
DA:13,1
DA:14,15
DA:15,15
DA:16,15
DA:17,3
DA:18,2
DA:19,2
DA:20,2
DA:21,1
DA:22,1
DA:23,1
DA:24,15
DA:25,12
DA:26,12
DA:27,12
DA:28,15
DA:29,1
DA:30,1
DA:31,15
DA:32,15
DA:33,1
LF:33
LH:33
BRDA:13,0,0,15
BRDA:16,1,0,3
BRDA:17,2,0,2
BRDA:20,3,0,1
BRDA:24,4,0,12
BRDA:30,5,0,1
BRF:6
BRH:6
end_of_record
TN:
SF:src/server/blockchainServer.ts
FNF:0
FNH:0
DA:1,1
DA:2,1
DA:3,1
DA:4,1
DA:5,1
DA:6,1
DA:7,1
DA:8,1
DA:9,1
DA:10,1
DA:11,1
DA:12,1
DA:13,1
DA:14,1
DA:15,1
DA:16,1
DA:17,1
DA:18,1
DA:19,1
DA:20,1
DA:21,1
DA:22,1
DA:23,1
DA:24,1
DA:25,1
DA:26,1
DA:27,1
DA:28,1
DA:29,1
DA:30,1
DA:31,1
DA:32,1
DA:33,1
DA:34,1
DA:35,1
DA:36,1
DA:37,1
DA:38,1
DA:39,1
DA:40,3
DA:41,3
DA:42,3
DA:43,2
DA:44,3
DA:45,3
DA:46,2
DA:47,3
DA:48,1
DA:49,1
DA:50,1
DA:51,2
DA:52,1
DA:53,1
DA:54,1
DA:55,0
DA:56,1
DA:57,1
DA:58,1
DA:59,1
DA:60,1
DA:61,1
DA:62,0
DA:63,0
DA:64,0
DA:65,0
DA:66,0
DA:67,1
DA:68,1
DA:69,1
DA:70,1
DA:71,1
DA:72,1
DA:73,1
DA:74,1
DA:75,1
DA:76,1
DA:77,0
DA:78,1
DA:79,1
DA:80,1
DA:81,1
DA:82,1
DA:83,1
DA:84,1
DA:85,1
DA:86,1
DA:87,1
DA:88,1
DA:89,1
DA:90,1
DA:91,1
DA:92,1
DA:93,1
DA:94,1
DA:95,1
DA:96,1
DA:97,1
DA:98,1
DA:99,1
DA:100,1
DA:101,1
DA:102,1
DA:103,1
DA:104,1
DA:105,1
DA:106,1
DA:107,1
LF:107
LH:100
BRDA:16,0,0,1
BRDA:100,1,0,1
BRDA:24,2,0,1
BRDA:33,3,0,1
BRDA:39,4,0,3
BRDA:42,5,0,1
BRDA:43,6,0,2
BRDA:45,7,0,1
BRDA:46,8,0,2
BRDA:50,9,0,2
BRDA:51,10,0,1
BRDA:55,11,0,0
BRDA:60,12,0,1
BRDA:62,13,0,0
BRDA:70,14,0,1
BRDA:71,15,0,0
BRDA:76,16,0,0
BRDA:82,17,0,1
BRF:18
BRH:14
end_of_record
