TN:
SF:script/Counter.s.sol
DA:10,0
FN:10,CounterScript.setUp
FNDA:0,CounterScript.setUp
DA:12,0
FN:12,CounterScript.run
FNDA:0,CounterScript.run
DA:13,0
DA:15,0
DA:17,0
FNF:2
FNH:0
LF:5
LH:0
BRF:0
BRH:0
end_of_record
TN:
SF:src/BookDataBase.sol
DA:19,4
FN:19,BookDatabase.constructor
FNDA:4,BookDatabase.constructor
DA:20,4
DA:23,3
FN:23,BookDatabase.addBook
FNDA:3,BookDatabase.addBook
DA:24,3
DA:25,3
DA:28,2
FN:28,BookDatabase.compare
FNDA:2,BookDatabase.compare
DA:32,4
DA:33,4
DA:34,4
DA:35,4
DA:36,2
DA:39,1
FN:39,BookDatabase.editBook
FNDA:1,BookDatabase.editBook
DA:40,1
DA:43,1
DA:44,1
DA:45,1
BRDA:45,0,0,1
DA:47,1
DA:48,1
BRDA:48,1,0,1
DA:51,1
FN:51,BookDatabase.removeBook
FNDA:1,BookDatabase.removeBook
DA:52,1
DA:55,1
FN:55,BookDatabase.restricted
FNDA:1,BookDatabase.restricted
DA:56,1
BRDA:56,2,0,-
BRDA:56,2,1,1
FNF:6
FNH:6
LF:22
LH:22
BRF:4
BRH:3
end_of_record
TN:
SF:src/Counter.sol
DA:7,0
FN:7,Counter.setNumber
FNDA:0,Counter.setNumber
DA:8,0
DA:11,0
FN:11,Counter.increment
FNDA:0,Counter.increment
DA:12,0
FNF:2
FNH:0
LF:4
LH:0
BRF:0
BRH:0
end_of_record
